2024-09-08 05:47:59,953 - INFO - url: https://raw.githubusercontent.com/redrainl/iptv/main/speedtest/zubo_fofa.txt 获取成功，判断为txt格式
2024-09-08 05:47:59,969 - INFO - url: https://raw.githubusercontent.com/redrainl/iptv/main/speedtest/zubo_fofa.txt 爬取成功✅，包含频道分类: 上海电信, 江苏, 北京联通, 天津联通, 河南电信, 山西电信, 广东电信, 四川电信, 浙江电信, 湖北电信, 福建电信, 湖南电信, 甘肃电信, 河北联通
2024-09-08 05:48:03,044 - INFO - url: http://175.178.251.183:6689/channel.txt 获取成功，判断为txt格式
2024-09-08 05:48:03,065 - INFO - url: http://175.178.251.183:6689/channel.txt 爬取成功✅，包含频道分类: 测试组播
2024-09-08 05:48:03,643 - INFO - url: https://jihulab.com/ss3234741/sj/raw/2a8f0afa421a98836bc891698446c7271c2f32f3/lib/live2.txt 获取成功，判断为txt格式
2024-09-08 05:48:03,661 - INFO - url: https://jihulab.com/ss3234741/sj/raw/2a8f0afa421a98836bc891698446c7271c2f32f3/lib/live2.txt 爬取成功✅，包含频道分类: 央视频道, 卫视频道, [港•澳•台], [港•澳•台快速], [港•澳•台快速2], [港•澳•台备用连接慢要等], 国际台, 广东地方台, 电影轮播, 格斗专区, 移动专线电影, 少儿频道, 裸眼3D, 纪录片频道, 经典老歌, 抖音热歌, DJ舞曲, 广场舞mv, 音乐点唱, 经典小品, 测试2, [测试5]
2024-09-08 05:48:07,784 - INFO - url: https://gitcode.net/ygbh66/666/raw/master/x.txt 获取成功，判断为txt格式
2024-09-08 05:48:07,792 - INFO - url: https://gitcode.net/ygbh66/666/raw/master/x.txt 爬取成功✅，包含频道分类: 🌙月光宝盒, 🇨🇳｜百事通央视, 📡｜️百视通卫视, 🇨🇳｜央视频道, 📡｜️卫视频道, 天津, 陕西, 广东, 江西, 重庆, 湖南, 湖北, 江苏, 北京, 上海, 浙江, 广西, 山东, 山西, 四川, 安徽, 河南, 福建, 河北, 云南, 贵州, 甘肃, 青海, 宁夏, 吉林, 辽宁, 新疆, 内蒙, 黑龙, 海南, 密码获取, China中国_777, News新闻_777, TW_777, HongKong_777, 电影Mov_777, SingP_777, Malaysia_777, India_777, 体育Sport_777, 儿童Kids_777, 知识Doc_777, 印尼ID_777, USA_777, CA_777, JP_777, KR_777, OHHK_777, OHCN_777, OHTW_777, OH南美_777, OH新马_777, OHKR_777, OHJP_777
2024-09-08 05:48:08,615 - INFO - url: https://raw.githubusercontent.com/fanmingming/live/main/tv/m3u/ipv6.m3u 获取成功，判断为m3u格式
2024-09-08 05:48:08,616 - INFO - url: https://raw.githubusercontent.com/fanmingming/live/main/tv/m3u/ipv6.m3u 爬取成功✅，包含频道分类: 央视频道, 卫视频道, 数字频道, 上海频道, 浙江频道, 内蒙频道
2024-09-08 05:48:08,730 - INFO - url: https://raw.githubusercontent.com/yuanzl77/IPTV/main/直播/央视频道.txt 获取成功，判断为txt格式
2024-09-08 05:48:08,730 - INFO - url: https://raw.githubusercontent.com/yuanzl77/IPTV/main/直播/央视频道.txt 爬取成功✅，包含频道分类: 央视频道
2024-09-08 05:48:10,251 - INFO - url: http://120.79.4.185/new/mdlive.txt 获取成功，判断为txt格式
2024-09-08 05:48:10,270 - INFO - url: http://120.79.4.185/new/mdlive.txt 爬取成功✅，包含频道分类: 公告信息, 购买电视盒子, 央卫频道, 中国港澳, 全球频道, 中国湾湾, 央视频道, 卫视频道, 地方频道, IHOT爱ipv6, 体育频道, 4K频道, 电影频道, 歪歪轮播, 虎牙轮播, 斗鱼轮播, 堆堆轮播, MTV视频, 收音广播, 景区直播, 愉快观影, 电影轮播, 童年回忆, 少儿, 下列P3P和MITV, 央卫P3p晴天, 特区P3p晴天, 闽南P3p晴天, 新闻P3p晴天, 跑马P3p晴天, 体育P3p晴天, 电影P3p晴天, 儿童P3p晴天, 知识P3p晴天, 新坡P3p晴天, 马亚P3p晴天, 印度P3p晴天, 加大P3p晴天, 日本P3p晴天, 韩国P3p晴天, 印尼P3p晴天, 美国P3p晴天, 特区晴天P3p, 央卫晴天P3p, 闽南晴天P3p, 新闻晴天P3p, 电影晴天P3p, 新马晴天P3p, 日本晴天P3p, 韩国晴天P3p, 国际晴天P3p, 央卫P2p晴天, 特区P2p晴天, 闽南P2p晴天, 马亚P2p晴天, 新坡P2p晴天, 日本P2p晴天, 韩国P2p晴天, 泰国P2p晴天, 北美P2p晴天, 新闻P2p晴天, 音乐P2p晴天, 体育P2p晴天, 知识P2p晴天, 儿少P2p晴天, 电影P2p晴天, 戏剧P2p晴天, 测试P3p频道
2024-09-08 05:48:10,285 - INFO - url: https://raw.githubusercontent.com/Fairy8o/IPTV/main/PDX-V4.txt 获取成功，判断为txt格式
2024-09-08 05:48:10,298 - INFO - url: https://raw.githubusercontent.com/Fairy8o/IPTV/main/PDX-V4.txt 爬取成功✅，包含频道分类: 👉扫码添加此微信👈, 👉以获取最新链接👈, 👉唯一微信号:Cxx114x👈, 👉定期更换新链接👈, 👉不加此微信无售后👈, 🦁欧洲五大联赛🦁, 🏎F1赛事🏎, 🐉独家线路🐯, 🐉电信专线「多线路」, 🐉联通专线「多线路」, 🐉移动专线「多线路」, 🐉央视付费频道, 🐉特色频道, 🐉4K-8K频道, 🐉国内体育, 🐉海外体育, 🐉咪咕视频-①🏆, 🐉咪咕视频-②🏆, 🐉香港频道「线路1」, 🐉香港频道「线路2」, 🐉湾湾频道「线路1」, 🐉湾湾频道「线路2」, 🐉湾湾频道「线路3」, 🐉日本频道🦮, 🐉韩国频道🦆, 🐉美国频道🦅, 🐉英国频道🦁, 🐉电影频道🎥, 🐉游戏赛事🐸, 🐉埋堆堆🙉, 🐉斗鱼轮播🦈, 🐉虎牙轮播🐯, 🐉YY轮播🦞, 🐉经典电影🎞, 🐉经典电视剧📺, 🐉少儿频道👶🏻, 🐉北京频道, 🐉上海频道, 🐉广东频道, 🐉湖南频道, 🐉各地方频道, 🐉HBO&iHOT频道, 🐉SITV频道, 🐉NewTV频道, 🐉全国景区直播, 🐉纪录片频道, 🐉广播剧场🎙
2024-09-08 05:48:10,311 - INFO - url: https://raw.githubusercontent.com/Fairy8o/IPTV/main/PDX-V6.txt 获取成功，判断为txt格式
2024-09-08 05:48:10,324 - INFO - url: https://raw.githubusercontent.com/Fairy8o/IPTV/main/PDX-V6.txt 爬取成功✅，包含频道分类: 👉扫码添加此微信👈, 👉以获取最新链接👈, 👉唯一微信号:Cxx114x👈, 👉定期更换新链接👈, 👉不加此微信无售后👈, 🦁欧洲五大联赛🦁, 🏎F1赛事🏎, 🐉央视频道🐉, 🐉卫视频道🐉, 🐉央视付费频道, 🐉求索&iHOT频道, 🐉4K-8K频道, 🐉数字高清, 🐉国内体育, 🐉海外体育, 🐉咪咕视频-①🏆, 🐉咪咕视频-②🥇, 🐉香港频道「线路1」, 🐉香港频道「线路2」, 🐉湾湾频道「线路1」, 🐉湾湾频道「线路2」, 🐉湾湾频道「线路3」, 🐉日本频道🦮, 🐉韩国频道🦆, 🐉美国频道🦅, 🐉英国频道🦁, 🐉电影频道🎥, 🐉游戏赛事🐸, 🐉埋堆堆🙉, 🐉斗鱼轮播🦈, 🐉虎牙轮播🐯, 🐉YY轮播🦞, 🐉经典电影🎞, 🐉经典电视剧📺, 🐉少儿频道👶🏻, 🐉北京频道, 🐉上海频道, 🐉广东频道, 🐉湖南频道, 🐉各地方频道, 🐉iHOT频道, 🐉SITV频道, 🐉NewTV频道, 🐉全国景区直播, 🐉纪录片频道, 🐉广播剧场🎙
2024-09-08 05:48:10,548 - INFO - url: https://live.zhoujie218.top/tv/iptv6.txt 获取成功，判断为txt格式
2024-09-08 05:48:10,549 - INFO - url: https://live.zhoujie218.top/tv/iptv6.txt 爬取成功✅，包含频道分类: 央视频道, 卫视频道, 电影频道, 数字频道, 地方频道, 综艺频道, 体育频道, 更新时间
2024-09-08 05:48:12,384 - INFO - url: https://tv.youdu.fan:666/live/ 获取成功，判断为txt格式
2024-09-08 05:48:12,399 - INFO - url: https://tv.youdu.fan:666/live/ 爬取成功✅，包含频道分类: 🌹防失联, 📡央视频道, 📡卫视频道, 📡地方频道, 📡V6央视频道, 📡V6卫视频道, 📡儿童频道, 📡港湾频道, 📡历届春晚, 📡直播中国, 🌏国际频道, 💞电影频道, 💃丨MTV现代, 📛丨MTV怀旧, 📡测试
2024-09-08 05:48:13,963 - INFO - url: http://ww.weidonglong.com/dsj.txt 获取成功，判断为txt格式
2024-09-08 05:48:13,966 - INFO - url: http://ww.weidonglong.com/dsj.txt 爬取成功✅，包含频道分类: 👉关于应用, 央视频道, 央视-IPv6, 卫视-IPv6, 卫视-综合, 央视综合, 卫视综合, 体育综合, 咪咕体育, 广东综合, 浙江综合, 江苏综合, 黑龙江综合, 安徽综合, 广西综合, 江西综合, 湖南综合, 湖北综合, 河南综合, 河北综合, 山东综合, 宁夏综合, 山西综合, 四川综合, 云南综合, 内蒙综合, 青海综合, 甘肃综合, 福建综合, 海南综合, 西藏综合, 新疆综合, 上海综合, 吉林综合, 凤凰香港, 电影频道, 急救技能, 👉获取更新
2024-09-08 05:48:14,162 - INFO - url: http://xhztv.top/zbc.txt 获取成功，判断为txt格式
2024-09-08 05:48:14,165 - INFO - url: http://xhztv.top/zbc.txt 爬取成功✅，包含频道分类: ﻿新闻频道, 央视, 央视IPv6, 卫视IPv6, 港湾频道, 广东地区, 直播中国, 体育频道, 少儿频道, 电影频道, 影视综合, MTV频道, 历届春晚, ♥聚玩盒子
2024-09-08 05:48:14,267 - INFO - url: https://raw.githubusercontent.com/mlvjfchen/TV/main/iptv_list.txt 获取成功，判断为txt格式
2024-09-08 05:48:14,267 - INFO - url: https://raw.githubusercontent.com/mlvjfchen/TV/main/iptv_list.txt 爬取成功✅，包含频道分类: 央视频道, 卫视频道, 湖南频道, 更新时间
2024-09-08 05:48:14,491 - INFO - url: https://raw.githubusercontent.com/qingwen07/awesome-iptv/main/tvbox_live_all.txt 获取成功，判断为txt格式
2024-09-08 05:48:14,515 - INFO - url: https://raw.githubusercontent.com/qingwen07/awesome-iptv/main/tvbox_live_all.txt 爬取成功✅，包含频道分类: 央视, 新闻, 卫视台, 地方台, 港澳台, 埋堆堆, 影视, 体育, 音乐, 小品, 咪咕, 斗鱼, 少儿, 国外, IPV6, 
2024-09-08 05:48:15,543 - ERROR - url: https://v.nxog.top/m/tv/1/ 爬取失败❌, Error: 404 Client Error: Not Found for url: https://v.nxog.top/m/tv/1/
2024-09-08 05:48:15,551 - INFO - url: https://raw.githubusercontent.com/Guovin/TV/gd/result.txt 获取成功，判断为txt格式
2024-09-08 05:48:15,553 - INFO - url: https://raw.githubusercontent.com/Guovin/TV/gd/result.txt 爬取成功✅，包含频道分类: 广东频道, 央视频道, 卫视频道, 港·澳·台
2024-09-08 05:48:16,635 - INFO - url: http://home.jundie.top:81/Cat/tv/live.txt 获取成功，判断为txt格式
2024-09-08 05:48:16,638 - INFO - url: http://home.jundie.top:81/Cat/tv/live.txt 爬取成功✅，包含频道分类: 央视, 卫视, 港•澳•台, 埋堆堆
2024-09-08 05:48:16,651 - INFO - url: https://raw.githubusercontent.com/vbskycn/iptv/master/tv/hd.txt 获取成功，判断为txt格式
2024-09-08 05:48:16,657 - INFO - url: https://raw.githubusercontent.com/vbskycn/iptv/master/tv/hd.txt 爬取成功✅，包含频道分类: ﻿央视频道jxH, 江西本地jxH, 卫视频道jxH, 体育频道jxH, 儿童频道jxH, 特色频道jxH, 央视频道ip6, 卫视频道ip6, 电影频道ip6, 数字频道ip6, 地方频道ip6, 综艺频道ip6, 体育频道ip6, 更新时间ip6, 央视频道ip4, 卫视频道ip4, 电影频道ip4, 数字频道ip4, 地方频道ip4, 综艺频道ip4, 纪录频道ip4, 体育频道ip4, 解说频道ip4, 游戏频道ip4, 音乐频道ip4, 戏曲频道ip4, 港澳台ip4, 更新时间ip4
2024-09-08 05:48:16,669 - INFO - url: https://cdn.jsdelivr.net/gh/YueChan/live@main/IPTV.m3u 获取成功，判断为m3u格式
2024-09-08 05:48:16,669 - INFO - url: https://cdn.jsdelivr.net/gh/YueChan/live@main/IPTV.m3u 爬取成功✅，包含频道分类: 央视, 卫视, 地方, 国际
2024-09-08 05:48:16,677 - INFO - url: https://raw.githubusercontent.com/cymz6/AutoIPTV-Hotel/main/lives.txt 获取成功，判断为txt格式
2024-09-08 05:48:16,678 - INFO - url: https://raw.githubusercontent.com/cymz6/AutoIPTV-Hotel/main/lives.txt 爬取成功✅，包含频道分类: 央视频道, 卫视频道, 其他频道
2024-09-08 05:48:16,687 - INFO - url: https://raw.githubusercontent.com/PizazzGY/TVBox_warehouse/main/live.txt 获取成功，判断为txt格式
2024-09-08 05:48:16,691 - INFO - url: https://raw.githubusercontent.com/PizazzGY/TVBox_warehouse/main/live.txt 爬取成功✅，包含频道分类: 央视频道, 卫视频道, 地方频道, 港·澳·台, 咪咕直播, 数字频道, 超高清频道, 埋堆堆, BesTV频道, iHOT频道, SiTV频道, NewTV频道
2024-09-08 05:48:17,782 - INFO - url: https://fm1077.serv00.net/SmartTV.m3u 获取成功，判断为m3u格式
2024-09-08 05:48:17,784 - INFO - url: https://fm1077.serv00.net/SmartTV.m3u 爬取成功✅，包含频道分类: 臺灣 Taiwan, 馬來西亞 Malaysia, 新加坡 Singapore, 印尼 Indonesia, 香港 Hongkong, 中國 China, 體育 Sports, 印度 Indian, 電影 Movie, 紀錄 Documentary, 新聞 News, 兒童 Kids, 泰國 Thailand, 英國 United Kingdom, 越南 Vietnam, 韓國 Korea, 日本 Japan
2024-09-08 05:48:17,909 - INFO - url: https://raw.githubusercontent.com/ssili126/tv/main/itvlist.txt 获取成功，判断为txt格式
2024-09-08 05:48:17,909 - INFO - url: https://raw.githubusercontent.com/ssili126/tv/main/itvlist.txt 爬取成功✅，包含频道分类: 央视频道, 卫视频道, 其他频道
2024-09-08 05:48:17,934 - INFO - url: https://raw.githubusercontent.com/kimwang1978/collect-tv-txt/main/merged_output.txt 获取成功，判断为txt格式
2024-09-08 05:48:17,992 - INFO - url: https://raw.githubusercontent.com/kimwang1978/collect-tv-txt/main/merged_output.txt 爬取成功✅，包含频道分类: 更新时间, 💓专享源1️⃣, 💓专享源2️⃣, 💓专享央视, 💓专享卫视, 💓优质个源, 🌐央视频道, 📡卫视频道, 上海频道, 体育频道, 电影频道, 电视剧频道, 明星, 主题片, 港澳台, 国际台, 纪录片, 动画片, 戏曲频道, 综艺频道, 音乐频道, 游戏频道, ☘️浙江频道, ☘️江苏频道, ☘️湖南频道, ☘️湖北频道, ☘️安徽频道, ☘️广东频道, ☘️海南频道, ☘️内蒙频道, ☘️辽宁频道, ☘️陕西频道, ☘️山西频道, ☘️山东频道, ☘️云南频道, ☘️北京频道, ☘️重庆频道, ☘️福建频道, ☘️甘肃频道, ☘️广西频道, ☘️贵州频道, ☘️河北频道, ☘️河南频道, ☘️黑龙江频道, ☘️吉林频道, ☘️江西频道, ☘️宁夏频道, ☘️青海频道, ☘️四川频道, ☘️天津频道, ☘️新疆频道, 解说频道, 春晚, 直播中国, MTV, 收音机频道, ❤️与凤行, ❤️以家人之名
